1000  2.073  8.99  10  1 
1100  0.619  9.15  11  1 
1200  0.630  9.30  11  1 
1300  0.638  9.43  11  1 
1400  0.639  9.55  11  1 
1500  0.662  9.64  11  1 
1600  0.630  9.73  11  1 
1700  0.649  9.80  11  1 
1800  0.650  9.87  11  1 
1900  0.621  9.93  11  1 
2000  0.648  9.98  11  1 
2100  0.701  10.06  12  1 
2200  0.646  10.14  12  1 
2300  0.655  10.22  12  1 
2400  0.669  10.30  12  1 
2500  0.716  10.37  12  1 
2600  0.650  10.43  12  1 
2700  0.648  10.49  12  1 
2800  0.656  10.54  12  1 
2900  0.643  10.59  12  1 
3000  0.654  10.64  12  1 
3100  0.664  10.68  12  1 
3200  0.656  10.72  12  1 
3300  0.680  10.76  12  1 
3400  0.652  10.80  12  1 
3500  0.660  10.83  12  1 
3600  0.666  10.87  12  1 
3700  0.700  10.90  12  1 
3800  0.659  10.93  12  1 
3900  0.658  10.95  12  1 
4000  0.664  10.98  12  1 
4100  0.687  11.01  13  1 
4200  0.659  11.05  13  1 
4300  0.663  11.10  13  1 
4400  0.934  11.14  13  1 
4500  0.695  11.18  13  1 
4600  0.682  11.22  13  1 
4700  0.665  11.26  13  1 
4800  0.671  11.30  13  1 
4900  0.679  11.33  13  1 
5000  0.670  11.36  13  1 
5100  0.689  11.40  13  1 
5200  0.674  11.43  13  1 
5300  0.677  11.46  13  1 
5400  0.726  11.49  13  1 
5500  0.714  11.51  13  1 
5600  0.926  11.54  13  1 
5700  0.689  11.57  13  1 
5800  0.672  11.59  13  1 
5900  0.683  11.61  13  1 
6000  0.706  11.64  13  1 
6100  0.671  11.66  13  1 
6200  0.708  11.68  13  1 
6300  0.702  11.70  13  1 
6400  0.700  11.72  13  1 
6500  0.689  11.74  13  1 
6600  0.722  11.76  13  1 
6700  0.697  11.78  13  1 
6800  0.702  11.80  13  1 
6900  1.002  11.81  13  1 
7000  0.673  11.83  13  1 
7100  0.675  11.85  13  1 
7200  0.678  11.86  13  1 
7300  0.985  11.88  13  1 
7400  0.684  11.89  13  1 
7500  0.684  11.91  13  1 
7600  0.686  11.92  13  1 
7700  0.677  11.94  13  1 
7800  0.681  11.95  13  1 
7900  0.688  11.96  13  1 
8000  0.681  11.98  13  1 
8100  0.688  11.99  13  1 
8200  0.680  12.00  14  1 
8300  0.693  12.03  14  1 
8400  0.689  12.05  14  1 
8500  0.709  12.07  14  1 
8600  0.688  12.10  14  1 
8700  0.692  12.12  14  1 
8800  0.740  12.14  14  1 
8900  0.690  12.16  14  1 
9000  0.688  12.18  14  1 
9100  0.696  12.20  14  1 
9200  0.721  12.22  14  1 
9300  0.693  12.24  14  1 
9400  0.686  12.26  14  1 
9500  0.682  12.28  14  1 
9600  0.692  12.29  14  1 
9700  0.691  12.31  14  1 
9800  0.694  12.33  14  1 
9900  0.697  12.35  14  1 
10000  0.692  12.36  14  1 
