1000  6.401  544.93  935  18 
1100  4.110  745.03  1098  11 
1200  3.535  625.64  1190  1 
1300  6.114  781.67  1296  4 
1400  3.102  558.24  1298  10 
1500  3.262  583.02  1485  13 
1600  5.006  638.28  1588  12 
1700  4.489  806.39  1682  14 
1800  5.285  733.79  1757  17 
1900  5.757  842.45  1888  21 
2000  6.826  1238.70  1934  10 
2100  5.400  806.99  2088  50 
2200  5.547  844.82  2172  23 
2300  3.099  556.45  2299  5 
2400  8.536  1389.80  2400  47 
2500  10.623  1644.88  2485  9 
2600  10.677  1797.23  2575  77 
2700  4.865  745.54  2691  21 
2800  6.405  1160.59  2793  28 
2900  8.793  1345.94  2876  39 
3000  12.169  2096.45  2968  24 
3100  10.193  1617.91  3086  16 
3200  5.636  1013.53  3189  13 
3300  11.011  1742.04  3242  5 
3400  7.654  1265.47  3280  65 
3500  10.906  1868.00  3479  2 
3600  10.308  1670.34  3595  29 
3700  8.017  1355.69  3545  18 
3800  14.318  2416.31  3761  42 
3900  9.243  1583.38  3873  22 
4000  7.298  1229.96  3995  39 
4100  15.715  2657.80  4030  144 
4200  11.885  1957.11  4150  198 
4300  11.934  2066.36  4256  1 
4400  11.932  1959.81  4287  14 
4500  20.191  3433.53  4458  18 
4600  14.344  2362.83  4595  5 
4700  16.233  2741.26  4694  79 
4800  16.057  2709.78  4741  12 
4900  14.791  2493.72  4874  38 
5000  14.323  2418.99  5000  3 
5100  20.730  3568.82  5076  93 
5200  17.695  2979.79  5165  10 
5300  15.506  2743.05  5267  3 
5400  24.702  4283.53  5357  1 
5500  15.958  2763.13  5492  60 
5600  18.752  3211.54  5577  45 
5700  18.277  3192.78  5699  42 
5800  15.028  2667.89  5762  95 
5900  15.630  2716.72  5891  39 
6000  18.778  3205.77  5954  40 
6100  20.940  3594.20  6094  175 
6200  16.121  2799.46  6197  5 
6300  9.788  1721.56  6215  20 
6400  10.774  1896.42  6321  13 
6500  20.162  3556.93  6497  10 
6600  19.058  3299.98  6567  10 
6700  19.578  3451.89  6689  55 
6800  22.018  3900.98  6756  108 
6900  19.931  3463.68  6879  17 
7000  16.110  2861.65  6876  39 
7100  24.706  4338.33  7032  3 
7200  19.207  3391.71  7076  1 
7300  25.213  4426.22  7237  14 
7400  25.918  4555.11  7347  58 
7500  19.595  3462.56  7371  22 
7600  14.444  2579.19  7564  18 
7700  30.693  5422.46  7694  21 
7800  19.914  3528.33  7761  37 
7900  20.722  3672.20  7850  45 
8000  28.404  5029.29  7938  10 
8100  21.752  3821.50  7975  20 
8200  17.305  3005.65  8185  78 
8300  13.662  2375.63  8139  29 
8400  14.038  2499.92  8376  76 
8500  11.923  2116.02  8483  76 
8600  30.059  5326.70  8580  191 
8700  15.472  2613.05  8648  209 
8800  27.056  4624.93  8752  101 
8900  30.638  5388.02  8882  199 
9000  17.251  2955.29  9000  15 
9100  42.842  7631.90  9087  106 
9200  29.719  5274.94  9143  50 
9300  28.699  5082.04  9259  125 
9400  15.839  2832.10  9353  67 
9500  33.863  5997.16  9465  36 
9600  40.195  7133.41  9525  173 
9700  16.495  2774.98  9677  69 
9800  24.969  4426.33  9785  52 
9900  22.959  4103.24  9858  35 
10000  35.489  6279.36  9931  61 
