1  0.000  0.000000  0  0 
1001  0.065  8716.300000  8769  8652 
2001  0.135  19420.880000  19474  19351 
3001  0.213  30932.260000  31010  30861 
4001  0.285  42840.580000  42937  42773 
5001  0.368  55234.480000  55315  55140 
6001  0.443  67852.320000  67952  67749 
7001  0.514  80677.940000  80797  80600 
8001  0.600  93646.980000  93714  93479 
9001  0.677  106988.360000  107095  106857 
10001  0.759  120472.940000  120609  120330 
11001  0.833  134026.620000  134162  133878 
12001  0.927  147702.220000  147832  147572 
13001  1.002  161491.660000  161615  161347 
14001  1.086  175382.960000  175613  175162 
15001  1.164  189331.520000  189545  189165 
16001  1.275  203305.520000  203425  203092 
17001  1.344  217532.160000  217670  217299 
18001  1.430  231972.920000  232134  231799 
19001  1.526  246430.040000  246582  246290 
20001  1.606  260902.900000  261056  260734 
21001  1.691  275463.800000  275603  275198 
22001  1.787  290095.560000  290250  289898 
23001  1.885  304698.140000  304852  304401 
24001  1.967  319358.560000  319499  319171 
25001  2.039  334101.580000  334366  333850 
26001  2.119  348949.580000  349130  348673 
27001  2.181  363850.860000  364090  363629 
28001  2.273  378746.300000  379005  378536 
29001  2.349  393630.160000  393792  393414 
30001  2.430  408607.480000  408769  408397 
31001  2.563  423594.220000  423792  423363 
32001  2.679  438600.740000  438842  438439 
33001  2.747  453658.960000  453910  453447 
34001  2.834  469051.140000  469247  468764 
35001  2.923  484511.720000  484712  484282 
36001  3.006  499925.460000  500138  499739 
37001  3.072  515362.980000  515546  515117 
38001  3.166  530832.520000  531175  530571 
39001  3.246  546324.100000  546572  546001 
40001  3.351  561816.360000  562061  561502 
41001  3.437  577319.860000  577549  577066 
42001  3.538  592953.300000  593323  592763 
43001  3.592  608503.620000  608796  608159 
44001  3.668  624126.120000  624371  623889 
45001  3.729  639742.660000  640055  639520 
46001  3.863  655415.060000  655737  655165 
47001  4.009  671055.440000  671255  670806 
48001  4.057  686728.520000  686991  686403 
49001  4.161  702368.360000  702645  701982 
50001  4.274  718174.600000  718383  717809 
51001  4.370  734034.080000  734304  733760 
52001  4.519  749898.720000  750173  749538 
53001  4.434  765782.360000  766171  765376 
54001  4.544  781633.880000  781899  781262 
55001  4.640  797562.080000  797872  797167 
56001  4.744  813432.900000  813737  813146 
57001  4.841  829344.620000  829632  829086 
58001  4.933  845273.840000  845498  844943 
59001  5.027  861286.620000  861542  861056 
60001  5.115  877192.800000  877581  876697 
61001  5.172  893161.360000  893482  892927 
62001  5.305  909163.600000  909471  908636 
63001  5.435  925168.880000  925454  924814 
64001  5.597  941148.420000  941558  940718 
65001  5.655  957156.500000  957447  956848 
66001  5.683  973360.220000  973630  972895 
67001  5.815  989745.960000  990063  989496 
68001  5.918  1006136.740000  1006508  1005770 
69001  6.009  1022606.140000  1022910  1022287 
70001  6.101  1039008.080000  1039447  1038691 
71001  6.222  1055406.060000  1055739  1055042 
72001  6.283  1071805.000000  1072032  1071448 
73001  6.382  1088251.680000  1088558  1087898 
74001  6.457  1104701.700000  1105141  1104316 
75001  6.570  1121164.720000  1121476  1120843 
76001  6.730  1137645.060000  1137959  1137334 
77001  6.775  1154125.120000  1154512  1153677 
78001  6.795  1170607.480000  1171250  1170247 
79001  6.947  1187100.880000  1187437  1186757 
80001  7.035  1203643.580000  1204010  1203332 
81001  7.160  1220119.700000  1220623  1219909 
82001  7.190  1236635.860000  1237056  1236176 
83001  7.341  1253171.840000  1253540  1252775 
84001  7.474  1269836.200000  1270242  1269427 
85001  7.550  1286418.720000  1286796  1286022 
86001  7.624  1303033.500000  1303500  1302587 
87001  7.742  1319613.640000  1319948  1319262 
88001  7.841  1336298.180000  1336687  1335705 
89001  7.935  1352862.540000  1353500  1352474 
90001  7.933  1369460.500000  1369880  1369106 
91001  8.074  1386137.380000  1386443  1385663 
92001  8.197  1402767.300000  1403067  1402384 
93001  8.332  1419439.180000  1419821  1419178 
94001  8.412  1436046.240000  1436427  1435595 
95001  8.508  1452736.060000  1453137  1452343 
96001  8.571  1469399.940000  1469699  1468878 
97001  8.659  1486101.320000  1486589  1485744 
98001  8.679  1502702.860000  1503121  1502280 
99001  8.803  1519522.120000  1519965  1519035 
100001  8.921  1536398.840000  1536766  1535959 
